  heapDump.cpp
c:\users\compteam\desktop\pydif\heapdump\heapdump\heapdump.cpp(12): warning C4005: 'ARCH': macro redefinition
  c:\users\compteam\desktop\pydif\heapdump\heapdump\heapdump.cpp(10): note: see previous definition of 'ARCH'
c:\users\compteam\desktop\pydif\heapdump\heapdump\heapdump.cpp(68): warning C4477: 'fprintf' : format string '%d' requires an argument of type 'int', but variadic argument 2 has type 'SIZE_T'
  c:\users\compteam\desktop\pydif\heapdump\heapdump\heapdump.cpp(68): note: consider using '%lld' in the format string
  c:\users\compteam\desktop\pydif\heapdump\heapdump\heapdump.cpp(68): note: consider using '%Id' in the format string
  c:\users\compteam\desktop\pydif\heapdump\heapdump\heapdump.cpp(68): note: consider using '%I64d' in the format string
c:\users\compteam\desktop\pydif\heapdump\heapdump\heapdump.cpp(144): warning C4477: 'snprintf' : format string '%u' requires an argument of type 'unsigned int', but variadic argument 3 has type 'ULONG_PTR'
  c:\users\compteam\desktop\pydif\heapdump\heapdump\heapdump.cpp(144): note: consider using '%llu' in the format string
  c:\users\compteam\desktop\pydif\heapdump\heapdump\heapdump.cpp(144): note: consider using '%Iu' in the format string
  c:\users\compteam\desktop\pydif\heapdump\heapdump\heapdump.cpp(144): note: consider using '%I64u' in the format string
c:\users\compteam\desktop\pydif\heapdump\heapdump\heapdump.cpp(149): warning C4477: 'fprintf' : format string '%u' requires an argument of type 'unsigned int', but variadic argument 1 has type 'ULONG_PTR'
  c:\users\compteam\desktop\pydif\heapdump\heapdump\heapdump.cpp(149): note: consider using '%llu' in the format string
  c:\users\compteam\desktop\pydif\heapdump\heapdump\heapdump.cpp(149): note: consider using '%Iu' in the format string
  c:\users\compteam\desktop\pydif\heapdump\heapdump\heapdump.cpp(149): note: consider using '%I64u' in the format string
  Generating code
  2 of 8 functions (25.0%) were compiled, the rest were copied from previous compilation.
    0 functions were new in current compilation
    1 functions had inline decision re-evaluated but remain unchanged
  Finished generating code
  heapDump.vcxproj -> C:\Users\CompTeam\Desktop\pyDif\heapDump\x64\Release\heapDump.exe
